#
# There is insufficient memory for the Java Runtime Environment to continue.
# Native memory allocation (malloc) failed to allocate 1306256 bytes. Error detail: Chunk::new
# Possible reasons:
#   The system is out of physical RAM or swap space
#   This process is running with CompressedOops enabled, and the Java Heap may be blocking the growth of the native heap
# Possible solutions:
#   Reduce memory load on the system
#   Increase physical memory or swap space
#   Check if swap backing store is full
#   Decrease Java heap size (-Xmx/-Xms)
#   Decrease number of Java threads
#   Decrease Java thread stack sizes (-Xss)
#   Set larger code cache with -XX:ReservedCodeCacheSize=
#   JVM is running with Zero Based Compressed Oops mode in which the Java heap is
#     placed in the first 32GB address space. The Java Heap base address is the
#     maximum limit for the native heap growth. Please use -XX:HeapBaseMinAddress
#     to set the Java Heap base and to place the Java Heap above 32GB virtual address.
# This output file may be truncated or incomplete.
#
#  Out of Memory Error (arena.cpp:168), pid=25884, tid=15516
#
# JRE version: OpenJDK Runtime Environment Temurin-21.0.3+9 (21.0.3+9) (build 21.0.3+9-LTS)
# Java VM: OpenJDK 64-Bit Server VM Temurin-21.0.3+9 (21.0.3+9-LTS, mixed mode, tiered, compressed oops, compressed class ptrs, g1 gc, windows-amd64)
# No core dump will be written. Minidumps are not enabled by default on client versions of Windows
#

---------------  S U M M A R Y ------------

Command Line: C:\Users\u0081767\AppData\Local\Programs\STM32CubeMX/STM32CubeMX.exe D:/cursussen/IoT-Systems/voorbereiding/STM32F746G-DISCO/STM32F746G-DISCO-GUI_VNC-uvision/STM32CubeMX/Target_1/STM32CubeMX/STM32CubeMX.ioc

Host: AMD Ryzen 7 PRO 4750U with Radeon Graphics, 16 cores, 31G,  Windows 11 , 64 bit Build 26100 (10.0.26100.4202)
Time: Thu Jul  3 09:22:27 2025 Romance Summer Time elapsed time: 830.245302 seconds (0d 0h 13m 50s)

---------------  T H R E A D  ---------------

Current thread (0x000002950f737650):  JavaThread "C2 CompilerThread0" daemon [_thread_in_native, id=15516, stack(0x000000ec70600000,0x000000ec70700000) (1024K)]


Current CompileTask:
C2: 830245 19586       4       com.st.microxplorer.db.ApiDbIPConfig::getParamName (404 bytes)

Stack: [0x000000ec70600000,0x000000ec70700000]
Native frames: (J=compiled Java code, j=interpreted, Vv=VM code, C=native code)
V  [jvm.dll+0x6c8699]
V  [jvm.dll+0x8a2061]
V  [jvm.dll+0x8a458e]
V  [jvm.dll+0x8a4c63]
V  [jvm.dll+0x27e476]
V  [jvm.dll+0xc4a1d]
V  [jvm.dll+0xc4f53]
V  [jvm.dll+0x3b2622]
V  [jvm.dll+0x37efa5]
V  [jvm.dll+0x37e40a]
V  [jvm.dll+0x2469c0]
V  [jvm.dll+0x245f9f]
V  [jvm.dll+0x1c6f4e]
V  [jvm.dll+0x255719]
V  [jvm.dll+0x253cba]
V  [jvm.dll+0x3ec1e6]
V  [jvm.dll+0x84bf8b]
V  [jvm.dll+0x6c6dcd]
C  [ucrtbase.dll+0x37b0]
C  [KERNEL32.DLL+0x2e8d7]
C  [ntdll.dll+0x3c34c]


---------------  P R O C E S S  ---------------

Threads class SMR info:
_java_thread_list=0x000002951a8500f0, length=40, elements={
0x000002950f73fd00, 0x000002950f72dc70, 0x000002950f731ca0, 0x000002950f732700,
0x000002950f733310, 0x000002950f733f20, 0x000002950f737650, 0x000002950f741fd0,
0x000002950f915c90, 0x000002950f9174d0, 0x0000029514af4200, 0x0000029514f11290,
0x0000029514f12110, 0x0000029514f09cf0, 0x0000029515122af0, 0x0000029567e49810,
0x000002951a5fbd80, 0x000002951a5fc410, 0x000002951a5fd7c0, 0x000002951a5fde50,
0x000002951a5fcaa0, 0x000002951dba8870, 0x000002951dba9c20, 0x000002951dbaa2b0,
0x000002951dbab660, 0x000002951dba9590, 0x000002951dba8f00, 0x000002951dbaafd0,
0x000002951dbad730, 0x000002951dbaf800, 0x000002951dbaddc0, 0x000002951dbaca10,
0x000002951dbae450, 0x000002951dbad0a0, 0x000002951a5fb6f0, 0x000002951dbaa940,
0x0000029524c77860, 0x0000029524c79930, 0x0000029524c7d440, 0x000002951e891090
}

Java Threads: ( => current thread )
  0x000002950f73fd00 JavaThread "Reference Handler"          daemon [_thread_blocked, id=18896, stack(0x000000ec70000000,0x000000ec70100000) (1024K)]
  0x000002950f72dc70 JavaThread "Finalizer"                  daemon [_thread_blocked, id=3424, stack(0x000000ec70100000,0x000000ec70200000) (1024K)]
  0x000002950f731ca0 JavaThread "Signal Dispatcher"          daemon [_thread_blocked, id=15884, stack(0x000000ec70200000,0x000000ec70300000) (1024K)]
  0x000002950f732700 JavaThread "Attach Listener"            daemon [_thread_blocked, id=31668, stack(0x000000ec70300000,0x000000ec70400000) (1024K)]
  0x000002950f733310 JavaThread "Service Thread"             daemon [_thread_blocked, id=3312, stack(0x000000ec70400000,0x000000ec70500000) (1024K)]
  0x000002950f733f20 JavaThread "Monitor Deflation Thread"   daemon [_thread_blocked, id=32336, stack(0x000000ec70500000,0x000000ec70600000) (1024K)]
=>0x000002950f737650 JavaThread "C2 CompilerThread0"         daemon [_thread_in_native, id=15516, stack(0x000000ec70600000,0x000000ec70700000) (1024K)]
  0x000002950f741fd0 JavaThread "C1 CompilerThread0"         daemon [_thread_blocked, id=36744, stack(0x000000ec70700000,0x000000ec70800000) (1024K)]
  0x000002950f915c90 JavaThread "Notification Thread"        daemon [_thread_blocked, id=25468, stack(0x000000ec70a00000,0x000000ec70b00000) (1024K)]
  0x000002950f9174d0 JavaThread "Common-Cleaner"             daemon [_thread_blocked, id=1560, stack(0x000000ec70b00000,0x000000ec70c00000) (1024K)]
  0x0000029514af4200 JavaThread "Java2D Disposer"            daemon [_thread_blocked, id=8924, stack(0x000000ec71000000,0x000000ec71100000) (1024K)]
  0x0000029514f11290 JavaThread "AWT-Shutdown"                      [_thread_blocked, id=15768, stack(0x000000ec71c00000,0x000000ec71d00000) (1024K)]
  0x0000029514f12110 JavaThread "AWT-Windows"                daemon [_thread_in_native, id=4176, stack(0x000000ec71d00000,0x000000ec71e00000) (1024K)]
  0x0000029514f09cf0 JavaThread "AWT-EventQueue-0"                  [_thread_blocked, id=4076, stack(0x000000ec72900000,0x000000ec72a00000) (1024K)]
  0x0000029515122af0 JavaThread "D3D Screen Updater"         daemon [_thread_blocked, id=22272, stack(0x000000ec72b00000,0x000000ec72c00000) (1024K)]
  0x0000029567e49810 JavaThread "DestroyJavaVM"                     [_thread_blocked, id=15740, stack(0x000000ec6f800000,0x000000ec6f900000) (1024K)]
  0x000002951a5fbd80 JavaThread "TimerQueue"                 daemon [_thread_blocked, id=11260, stack(0x000000ec73200000,0x000000ec73300000) (1024K)]
  0x000002951a5fc410 JavaThread "IPC Server Thread"          daemon [_thread_in_native, id=32452, stack(0x000000ec73800000,0x000000ec73900000) (1024K)]
  0x000002951a5fd7c0 JavaThread "Chromium Process Thread"           [_thread_in_native, id=11284, stack(0x000000ec73900000,0x000000ec73a00000) (1024K)]
  0x000002951a5fde50 JavaThread "Chromium Process Logger"    daemon [_thread_in_native, id=23836, stack(0x000000ec73a00000,0x000000ec73b00000) (1024K)]
  0x000002951a5fcaa0 JavaThread "IPC Memory Reader Thread"          [_thread_in_native, id=26660, stack(0x000000ec73c00000,0x000000ec73d00000) (1024K)]
  0x000002951dba8870 JavaThread "Browser Thread: cf4dc68f-cea9-4270-9fec-c74cb6cc338b" daemon [_thread_blocked, id=13656, stack(0x000000ec73d00000,0x000000ec73e00000) (1024K)]
  0x000002951dba9c20 JavaThread "Socket Connection Checker: cf4dc68f-cea9-4270-9fec-c74cb6cc338b"        [_thread_in_native, id=22892, stack(0x000000ec73e00000,0x000000ec73f00000) (1024K)]
  0x000002951dbaa2b0 JavaThread "GPU Thread: 7d23d294-8c07-48af-95d9-1a18acb30bab" daemon [_thread_blocked, id=2848, stack(0x000000ec74100000,0x000000ec74200000) (1024K)]
  0x000002951dbab660 JavaThread "IPC Memory Reader Thread"          [_thread_in_native, id=1752, stack(0x000000ec74000000,0x000000ec74100000) (1024K)]
  0x000002951dba9590 JavaThread "Socket Connection Checker: 7d23d294-8c07-48af-95d9-1a18acb30bab"        [_thread_in_native, id=28992, stack(0x000000ec74200000,0x000000ec74300000) (1024K)]
  0x000002951dba8f00 JavaThread "Render Thread: 748e76e3-8c66-4410-8667-fb5e242da2ce" daemon [_thread_blocked, id=34212, stack(0x000000ec74500000,0x000000ec74600000) (1024K)]
  0x000002951dbaafd0 JavaThread "Socket Connection Checker: 748e76e3-8c66-4410-8667-fb5e242da2ce"        [_thread_in_native, id=14732, stack(0x000000ec74600000,0x000000ec74700000) (1024K)]
  0x000002951dbad730 JavaThread "IPC Memory Reader Thread"          [_thread_in_native, id=28860, stack(0x000000ec74400000,0x000000ec74500000) (1024K)]
  0x000002951dbaf800 JavaThread "Render Thread: 7ac6cece-2a4a-469f-b975-f31753e62deb" daemon [_thread_blocked, id=18248, stack(0x000000ec74c00000,0x000000ec74d00000) (1024K)]
  0x000002951dbaddc0 JavaThread "IPC Memory Reader Thread"          [_thread_in_native, id=28248, stack(0x000000ec74b00000,0x000000ec74c00000) (1024K)]
  0x000002951dbaca10 JavaThread "Socket Connection Checker: 7ac6cece-2a4a-469f-b975-f31753e62deb"        [_thread_in_native, id=7696, stack(0x000000ec74d00000,0x000000ec74e00000) (1024K)]
  0x000002951dbae450 JavaThread "SwingWorker-pool-4-thread-1" daemon [_thread_blocked, id=37784, stack(0x000000ec74e00000,0x000000ec74f00000) (1024K)]
  0x000002951dbad0a0 JavaThread "Browser Widget Thread"             [_thread_blocked, id=19536, stack(0x000000ec72a00000,0x000000ec72b00000) (1024K)]
  0x000002951a5fb6f0 JavaThread "Thread-89"                  daemon [_thread_blocked, id=19732, stack(0x000000ec73700000,0x000000ec73800000) (1024K)]
  0x000002951dbaa940 JavaThread "Thread-2367"                daemon [_thread_blocked, id=33096, stack(0x000000ec72f00000,0x000000ec73000000) (1024K)]
  0x0000029524c77860 JavaThread "SwingWorker-pool-4-thread-2" daemon [_thread_blocked, id=20180, stack(0x000000ec73300000,0x000000ec73400000) (1024K)]
  0x0000029524c79930 JavaThread "Keep-Alive-Timer"           daemon [_thread_blocked, id=34968, stack(0x000000ec73400000,0x000000ec73500000) (1024K)]
  0x0000029524c7d440 JavaThread "Thread-4201"                       [_thread_in_native, id=14816, stack(0x000000ec73500000,0x000000ec73600000) (1024K)]
  0x000002951e891090 JavaThread "C2 CompilerThread1"         daemon [_thread_in_native, id=14024, stack(0x000000ec6f600000,0x000000ec6f700000) (1024K)]
Total: 40

Other Threads:
  0x000002950f6d1ba0 VMThread "VM Thread"                           [id=3824, stack(0x000000ec6ff00000,0x000000ec70000000) (1024K)]
  0x000002957fb3afd0 WatcherThread "VM Periodic Task Thread"        [id=13928, stack(0x000000ec6fe00000,0x000000ec6ff00000) (1024K)]
  0x0000029567eef4b0 WorkerThread "GC Thread#0"                     [id=35224, stack(0x000000ec6f900000,0x000000ec6fa00000) (1024K)]
  0x00000295145348b0 WorkerThread "GC Thread#1"                     [id=19160, stack(0x000000ec71100000,0x000000ec71200000) (1024K)]
  0x000002951459f840 WorkerThread "GC Thread#2"                     [id=31876, stack(0x000000ec71200000,0x000000ec71300000) (1024K)]
  0x000002951459fbe0 WorkerThread "GC Thread#3"                     [id=36924, stack(0x000000ec71300000,0x000000ec71400000) (1024K)]
  0x0000029514dbf3f0 WorkerThread "GC Thread#4"                     [id=24416, stack(0x000000ec71400000,0x000000ec71500000) (1024K)]
  0x0000029514cccdd0 WorkerThread "GC Thread#5"                     [id=28172, stack(0x000000ec71500000,0x000000ec71600000) (1024K)]
  0x0000029514a93520 WorkerThread "GC Thread#6"                     [id=25272, stack(0x000000ec71600000,0x000000ec71700000) (1024K)]
  0x0000029514a938c0 WorkerThread "GC Thread#7"                     [id=10948, stack(0x000000ec71700000,0x000000ec71800000) (1024K)]
  0x0000029514a93c60 WorkerThread "GC Thread#8"                     [id=7124, stack(0x000000ec71800000,0x000000ec71900000) (1024K)]
  0x0000029514a94ae0 WorkerThread "GC Thread#9"                     [id=5416, stack(0x000000ec71900000,0x000000ec71a00000) (1024K)]
  0x0000029514a94000 WorkerThread "GC Thread#10"                    [id=2204, stack(0x000000ec71a00000,0x000000ec71b00000) (1024K)]
  0x0000029514a93180 WorkerThread "GC Thread#11"                    [id=24440, stack(0x000000ec71b00000,0x000000ec71c00000) (1024K)]
  0x0000029514fd52b0 WorkerThread "GC Thread#12"                    [id=11784, stack(0x000000ec73100000,0x000000ec73200000) (1024K)]
  0x0000029567f015e0 ConcurrentGCThread "G1 Main Marker"            [id=24668, stack(0x000000ec6fa00000,0x000000ec6fb00000) (1024K)]
  0x0000029567f02880 WorkerThread "G1 Conc#0"                       [id=25652, stack(0x000000ec6fb00000,0x000000ec6fc00000) (1024K)]
  0x0000029514a943a0 WorkerThread "G1 Conc#1"                       [id=4892, stack(0x000000ec70e00000,0x000000ec70f00000) (1024K)]
  0x0000029514a94740 WorkerThread "G1 Conc#2"                       [id=10700, stack(0x000000ec70f00000,0x000000ec71000000) (1024K)]
  0x000002957fa0bb50 ConcurrentGCThread "G1 Refine#0"               [id=24388, stack(0x000000ec6fc00000,0x000000ec6fd00000) (1024K)]
  0x000002957fa0d570 ConcurrentGCThread "G1 Service"                [id=35464, stack(0x000000ec6fd00000,0x000000ec6fe00000) (1024K)]
Total: 21

Threads with active compile tasks:
C2 CompilerThread0   830292 19586       4       com.st.microxplorer.db.ApiDbIPConfig::getParamName (404 bytes)
C2 CompilerThread1   830292 19589       4       com.st.microxplorer.codegenerator.LibMethod::<init> (217 bytes)
Total: 2

VM state: not at safepoint (normal execution)

VM Mutex/Monitor currently owned by a thread: None

Heap address: 0x000000060a800000, size: 8024 MB, Compressed Oops mode: Zero based, Oop shift amount: 3

CDS archive(s) not mapped
Compressed class space mapped at: 0x0000000800000000-0x0000000840000000, reserved size: 1073741824
Narrow klass base: 0x0000000800000000, Narrow klass shift: 0, Narrow klass range: 0x40000000

GC Precious Log:
 CardTable entry size: 512
 Card Set container configuration: InlinePtr #cards 4 size 8 Array Of Cards #cards 32 size 80 Howl #buckets 8 coarsen threshold 7372 Howl Bitmap #cards 1024 size 144 coarsen threshold 921 Card regions per heap region 1 cards per card region 8192
 CPUs: 16 total, 16 available
 Memory: 32081M
 Large Page Support: Disabled
 NUMA Support: Disabled
 Compressed Oops: Enabled (Zero based)
 Heap Region Size: 4M
 Heap Min Capacity: 8M
 Heap Initial Capacity: 504M
 Heap Max Capacity: 8024M
 Pre-touch: Disabled
 Parallel Workers: 13
 Concurrent Workers: 3
 Concurrent Refinement Workers: 13
 Periodic GC: Disabled

Heap:
 garbage-first heap   total 487424K, used 371215K [0x000000060a800000, 0x0000000800000000)
  region size 4096K, 33 young (135168K), 4 survivors (16384K)
 Metaspace       used 112929K, committed 114432K, reserved 1179648K
  class space    used 12344K, committed 12992K, reserved 1048576K

Heap Regions: E=young(eden), S=young(survivor), O=old, HS=humongous(starts), HC=humongous(continues), CS=collection set, F=free, TAMS=top-at-mark-start, PB=parsable bottom
|   0|0x000000060a800000, 0x000000060ac00000, 0x000000060ac00000|100%| O|  |TAMS 0x000000060a800000| PB 0x000000060a800000| Untracked 
|   1|0x000000060ac00000, 0x000000060b000000, 0x000000060b000000|100%| O|  |TAMS 0x000000060ac00000| PB 0x000000060ac00000| Untracked 
|   2|0x000000060b000000, 0x000000060b400000, 0x000000060b400000|100%|HS|  |TAMS 0x000000060b000000| PB 0x000000060b000000| Complete 
|   3|0x000000060b400000, 0x000000060b800000, 0x000000060b800000|100%|HC|  |TAMS 0x000000060b400000| PB 0x000000060b400000| Complete 
|   4|0x000000060b800000, 0x000000060bbeb698, 0x000000060bc00000| 97%| O|  |TAMS 0x000000060b800000| PB 0x000000060b800000| Untracked 
|   5|0x000000060bc00000, 0x000000060c000000, 0x000000060c000000|100%| O|  |TAMS 0x000000060bc00000| PB 0x000000060bc00000| Untracked 
|   6|0x000000060c000000, 0x000000060c400000, 0x000000060c400000|100%| O|  |TAMS 0x000000060c000000| PB 0x000000060c000000| Untracked 
|   7|0x000000060c400000, 0x000000060c800000, 0x000000060c800000|100%|HS|  |TAMS 0x000000060c400000| PB 0x000000060c400000| Complete 
|   8|0x000000060c800000, 0x000000060cc00000, 0x000000060cc00000|100%|HS|  |TAMS 0x000000060c800000| PB 0x000000060c800000| Complete 
|   9|0x000000060cc00000, 0x000000060d000000, 0x000000060d000000|100%| O|  |TAMS 0x000000060cc00000| PB 0x000000060cc00000| Untracked 
|  10|0x000000060d000000, 0x000000060d400000, 0x000000060d400000|100%|HS|  |TAMS 0x000000060d000000| PB 0x000000060d000000| Complete 
|  11|0x000000060d400000, 0x000000060d800000, 0x000000060d800000|100%|HS|  |TAMS 0x000000060d400000| PB 0x000000060d400000| Complete 
|  12|0x000000060d800000, 0x000000060dc00000, 0x000000060dc00000|100%|HC|  |TAMS 0x000000060d800000| PB 0x000000060d800000| Complete 
|  13|0x000000060dc00000, 0x000000060e000000, 0x000000060e000000|100%|HC|  |TAMS 0x000000060dc00000| PB 0x000000060dc00000| Complete 
|  14|0x000000060e000000, 0x000000060e400000, 0x000000060e400000|100%|HC|  |TAMS 0x000000060e000000| PB 0x000000060e000000| Complete 
|  15|0x000000060e400000, 0x000000060e800000, 0x000000060e800000|100%|HS|  |TAMS 0x000000060e400000| PB 0x000000060e400000| Complete 
|  16|0x000000060e800000, 0x000000060ec00000, 0x000000060ec00000|100%|HS|  |TAMS 0x000000060e800000| PB 0x000000060e800000| Complete 
|  17|0x000000060ec00000, 0x000000060f000000, 0x000000060f000000|100%|HS|  |TAMS 0x000000060ec00000| PB 0x000000060ec00000| Complete 
|  18|0x000000060f000000, 0x000000060f400000, 0x000000060f400000|100%|HS|  |TAMS 0x000000060f000000| PB 0x000000060f000000| Complete 
|  19|0x000000060f400000, 0x000000060f800000, 0x000000060f800000|100%|HS|  |TAMS 0x000000060f400000| PB 0x000000060f400000| Complete 
|  20|0x000000060f800000, 0x000000060fc00000, 0x000000060fc00000|100%|HS|  |TAMS 0x000000060f800000| PB 0x000000060f800000| Complete 
|  21|0x000000060fc00000, 0x0000000610000000, 0x0000000610000000|100%|HS|  |TAMS 0x000000060fc00000| PB 0x000000060fc00000| Complete 
|  22|0x0000000610000000, 0x0000000610400000, 0x0000000610400000|100%| O|  |TAMS 0x0000000610000000| PB 0x0000000610000000| Untracked 
|  23|0x0000000610400000, 0x0000000610800000, 0x0000000610800000|100%| O|  |TAMS 0x0000000610400000| PB 0x0000000610400000| Untracked 
|  24|0x0000000610800000, 0x0000000610c00000, 0x0000000610c00000|100%| O|  |TAMS 0x0000000610800000| PB 0x0000000610800000| Untracked 
|  25|0x0000000610c00000, 0x0000000611000000, 0x0000000611000000|100%| O|  |TAMS 0x0000000610c00000| PB 0x0000000610c00000| Untracked 
|  26|0x0000000611000000, 0x0000000611400000, 0x0000000611400000|100%| O|  |TAMS 0x0000000611000000| PB 0x0000000611000000| Untracked 
|  27|0x0000000611400000, 0x0000000611800000, 0x0000000611800000|100%| O|  |TAMS 0x0000000611400000| PB 0x0000000611400000| Untracked 
|  28|0x0000000611800000, 0x0000000611c00000, 0x0000000611c00000|100%| O|  |TAMS 0x0000000611800000| PB 0x0000000611800000| Untracked 
|  29|0x0000000611c00000, 0x0000000612000000, 0x0000000612000000|100%| O|  |TAMS 0x0000000611c00000| PB 0x0000000611c00000| Untracked 
|  30|0x0000000612000000, 0x0000000612400000, 0x0000000612400000|100%| O|  |TAMS 0x0000000612000000| PB 0x0000000612000000| Untracked 
|  31|0x0000000612400000, 0x0000000612800000, 0x0000000612800000|100%| O|  |TAMS 0x0000000612400000| PB 0x0000000612400000| Untracked 
|  32|0x0000000612800000, 0x0000000612c00000, 0x0000000612c00000|100%| O|  |TAMS 0x0000000612800000| PB 0x0000000612800000| Untracked 
|  33|0x0000000612c00000, 0x0000000613000000, 0x0000000613000000|100%| O|  |TAMS 0x0000000612c00000| PB 0x0000000612c00000| Untracked 
|  34|0x0000000613000000, 0x0000000613400000, 0x0000000613400000|100%| O|  |TAMS 0x0000000613000000| PB 0x0000000613000000| Untracked 
|  35|0x0000000613400000, 0x0000000613800000, 0x0000000613800000|100%| O|  |TAMS 0x0000000613400000| PB 0x0000000613400000| Untracked 
|  36|0x0000000613800000, 0x0000000613c00000, 0x0000000613c00000|100%| O|  |TAMS 0x0000000613800000| PB 0x0000000613800000| Untracked 
|  37|0x0000000613c00000, 0x0000000614000000, 0x0000000614000000|100%| O|  |TAMS 0x0000000613c00000| PB 0x0000000613c00000| Untracked 
|  38|0x0000000614000000, 0x0000000614400000, 0x0000000614400000|100%| O|  |TAMS 0x0000000614000000| PB 0x0000000614000000| Untracked 
|  39|0x0000000614400000, 0x0000000614400000, 0x0000000614800000|  0%| F|  |TAMS 0x0000000614400000| PB 0x0000000614400000| Untracked 
|  40|0x0000000614800000, 0x0000000614c00000, 0x0000000614c00000|100%| O|  |TAMS 0x0000000614800000| PB 0x0000000614800000| Untracked 
|  41|0x0000000614c00000, 0x0000000615000000, 0x0000000615000000|100%| O|  |TAMS 0x0000000614c00000| PB 0x0000000614c00000| Untracked 
|  42|0x0000000615000000, 0x0000000615400000, 0x0000000615400000|100%| O|  |TAMS 0x0000000615000000| PB 0x0000000615000000| Untracked 
|  43|0x0000000615400000, 0x0000000615800000, 0x0000000615800000|100%| O|  |TAMS 0x0000000615400000| PB 0x0000000615400000| Untracked 
|  44|0x0000000615800000, 0x0000000615c00000, 0x0000000615c00000|100%| O|  |TAMS 0x0000000615800000| PB 0x0000000615800000| Untracked 
|  45|0x0000000615c00000, 0x0000000616000000, 0x0000000616000000|100%| O|  |TAMS 0x0000000615c00000| PB 0x0000000615c00000| Untracked 
|  46|0x0000000616000000, 0x0000000616400000, 0x0000000616400000|100%|HS|  |TAMS 0x0000000616000000| PB 0x0000000616000000| Complete 
|  47|0x0000000616400000, 0x0000000616800000, 0x0000000616800000|100%|HC|  |TAMS 0x0000000616400000| PB 0x0000000616400000| Complete 
|  48|0x0000000616800000, 0x0000000616c00000, 0x0000000616c00000|100%|HC|  |TAMS 0x0000000616800000| PB 0x0000000616800000| Complete 
|  49|0x0000000616c00000, 0x0000000617000000, 0x0000000617000000|100%| O|  |TAMS 0x0000000616c00000| PB 0x0000000616c00000| Untracked 
|  50|0x0000000617000000, 0x0000000617400000, 0x0000000617400000|100%| O|  |TAMS 0x0000000617000000| PB 0x0000000617000000| Untracked 
|  51|0x0000000617400000, 0x0000000617800000, 0x0000000617800000|100%| O|  |TAMS 0x0000000617400000| PB 0x0000000617400000| Untracked 
|  52|0x0000000617800000, 0x0000000617c00000, 0x0000000617c00000|100%| O|  |TAMS 0x0000000617800000| PB 0x0000000617800000| Untracked 
|  53|0x0000000617c00000, 0x0000000618000000, 0x0000000618000000|100%| O|  |TAMS 0x0000000617c00000| PB 0x0000000617c00000| Untracked 
|  54|0x0000000618000000, 0x0000000618019e18, 0x0000000618400000|  2%| O|  |TAMS 0x0000000618000000| PB 0x0000000618000000| Untracked 
|  55|0x0000000618400000, 0x0000000618400000, 0x0000000618800000|  0%| F|  |TAMS 0x0000000618400000| PB 0x0000000618400000| Untracked 
|  56|0x0000000618800000, 0x0000000618800000, 0x0000000618c00000|  0%| F|  |TAMS 0x0000000618800000| PB 0x0000000618800000| Untracked 
|  57|0x0000000618c00000, 0x0000000618c00000, 0x0000000619000000|  0%| F|  |TAMS 0x0000000618c00000| PB 0x0000000618c00000| Untracked 
|  58|0x0000000619000000, 0x0000000619000000, 0x0000000619400000|  0%| F|  |TAMS 0x0000000619000000| PB 0x0000000619000000| Untracked 
|  59|0x0000000619400000, 0x0000000619400000, 0x0000000619800000|  0%| F|  |TAMS 0x0000000619400000| PB 0x0000000619400000| Untracked 
|  60|0x0000000619800000, 0x0000000619800000, 0x0000000619c00000|  0%| F|  |TAMS 0x0000000619800000| PB 0x0000000619800000| Untracked 
|  61|0x0000000619c00000, 0x0000000619c00000, 0x000000061a000000|  0%| F|  |TAMS 0x0000000619c00000| PB 0x0000000619c00000| Untracked 
|  62|0x000000061a000000, 0x000000061a000000, 0x000000061a400000|  0%| F|  |TAMS 0x000000061a000000| PB 0x000000061a000000| Untracked 
|  63|0x000000061a400000, 0x000000061a400000, 0x000000061a800000|  0%| F|  |TAMS 0x000000061a400000| PB 0x000000061a400000| Untracked 
|  64|0x000000061a800000, 0x000000061a800000, 0x000000061ac00000|  0%| F|  |TAMS 0x000000061a800000| PB 0x000000061a800000| Untracked 
|  65|0x000000061ac00000, 0x000000061ac00000, 0x000000061b000000|  0%| F|  |TAMS 0x000000061ac00000| PB 0x000000061ac00000| Untracked 
|  66|0x000000061b000000, 0x000000061b27e8e0, 0x000000061b400000| 62%| S|CS|TAMS 0x000000061b000000| PB 0x000000061b000000| Complete 
|  67|0x000000061b400000, 0x000000061b800000, 0x000000061b800000|100%| S|CS|TAMS 0x000000061b400000| PB 0x000000061b400000| Complete 
|  68|0x000000061b800000, 0x000000061bc00000, 0x000000061bc00000|100%| S|CS|TAMS 0x000000061b800000| PB 0x000000061b800000| Complete 
|  69|0x000000061bc00000, 0x000000061c000000, 0x000000061c000000|100%| S|CS|TAMS 0x000000061bc00000| PB 0x000000061bc00000| Complete 
|  70|0x000000061c000000, 0x000000061c000000, 0x000000061c400000|  0%| F|  |TAMS 0x000000061c000000| PB 0x000000061c000000| Untracked 
|  71|0x000000061c400000, 0x000000061c400000, 0x000000061c800000|  0%| F|  |TAMS 0x000000061c400000| PB 0x000000061c400000| Untracked 
|  72|0x000000061c800000, 0x000000061c800000, 0x000000061cc00000|  0%| F|  |TAMS 0x000000061c800000| PB 0x000000061c800000| Untracked 
|  73|0x000000061cc00000, 0x000000061cc00000, 0x000000061d000000|  0%| F|  |TAMS 0x000000061cc00000| PB 0x000000061cc00000| Untracked 
|  74|0x000000061d000000, 0x000000061d000000, 0x000000061d400000|  0%| F|  |TAMS 0x000000061d000000| PB 0x000000061d000000| Untracked 
|  75|0x000000061d400000, 0x000000061d400000, 0x000000061d800000|  0%| F|  |TAMS 0x000000061d400000| PB 0x000000061d400000| Untracked 
|  76|0x000000061d800000, 0x000000061d800000, 0x000000061dc00000|  0%| F|  |TAMS 0x000000061d800000| PB 0x000000061d800000| Untracked 
|  77|0x000000061dc00000, 0x000000061dc00000, 0x000000061e000000|  0%| F|  |TAMS 0x000000061dc00000| PB 0x000000061dc00000| Untracked 
|  78|0x000000061e000000, 0x000000061e000000, 0x000000061e400000|  0%| F|  |TAMS 0x000000061e000000| PB 0x000000061e000000| Untracked 
|  79|0x000000061e400000, 0x000000061e400000, 0x000000061e800000|  0%| F|  |TAMS 0x000000061e400000| PB 0x000000061e400000| Untracked 
|  80|0x000000061e800000, 0x000000061e800000, 0x000000061ec00000|  0%| F|  |TAMS 0x000000061e800000| PB 0x000000061e800000| Untracked 
|  81|0x000000061ec00000, 0x000000061ec00000, 0x000000061f000000|  0%| F|  |TAMS 0x000000061ec00000| PB 0x000000061ec00000| Untracked 
|  82|0x000000061f000000, 0x000000061f000000, 0x000000061f400000|  0%| F|  |TAMS 0x000000061f000000| PB 0x000000061f000000| Untracked 
|  83|0x000000061f400000, 0x000000061f400000, 0x000000061f800000|  0%| F|  |TAMS 0x000000061f400000| PB 0x000000061f400000| Untracked 
|  84|0x000000061f800000, 0x000000061fc00000, 0x000000061fc00000|100%| E|  |TAMS 0x000000061f800000| PB 0x000000061f800000| Complete 
|  85|0x000000061fc00000, 0x0000000620000000, 0x0000000620000000|100%| E|CS|TAMS 0x000000061fc00000| PB 0x000000061fc00000| Complete 
|  86|0x0000000620000000, 0x0000000620400000, 0x0000000620400000|100%| E|CS|TAMS 0x0000000620000000| PB 0x0000000620000000| Complete 
|  87|0x0000000620400000, 0x0000000620800000, 0x0000000620800000|100%| E|CS|TAMS 0x0000000620400000| PB 0x0000000620400000| Complete 
|  88|0x0000000620800000, 0x0000000620c00000, 0x0000000620c00000|100%| E|CS|TAMS 0x0000000620800000| PB 0x0000000620800000| Complete 
|  89|0x0000000620c00000, 0x0000000621000000, 0x0000000621000000|100%| E|CS|TAMS 0x0000000620c00000| PB 0x0000000620c00000| Complete 
|  90|0x0000000621000000, 0x0000000621400000, 0x0000000621400000|100%| E|CS|TAMS 0x0000000621000000| PB 0x0000000621000000| Complete 
|  91|0x0000000621400000, 0x0000000621800000, 0x0000000621800000|100%| E|CS|TAMS 0x0000000621400000| PB 0x0000000621400000| Complete 
|  92|0x0000000621800000, 0x0000000621c00000, 0x0000000621c00000|100%| E|CS|TAMS 0x0000000621800000| PB 0x0000000621800000| Complete 
|  93|0x0000000621c00000, 0x0000000622000000, 0x0000000622000000|100%| E|CS|TAMS 0x0000000621c00000| PB 0x0000000621c00000| Complete 
|  94|0x0000000622000000, 0x0000000622400000, 0x0000000622400000|100%| E|CS|TAMS 0x0000000622000000| PB 0x0000000622000000| Complete 
|  95|0x0000000622400000, 0x0000000622800000, 0x0000000622800000|100%| E|CS|TAMS 0x0000000622400000| PB 0x0000000622400000| Complete 
|  96|0x0000000622800000, 0x0000000622c00000, 0x0000000622c00000|100%| E|CS|TAMS 0x0000000622800000| PB 0x0000000622800000| Complete 
|  97|0x0000000622c00000, 0x0000000623000000, 0x0000000623000000|100%| E|CS|TAMS 0x0000000622c00000| PB 0x0000000622c00000| Complete 
|  98|0x0000000623000000, 0x0000000623400000, 0x0000000623400000|100%| E|CS|TAMS 0x0000000623000000| PB 0x0000000623000000| Complete 
|  99|0x0000000623400000, 0x0000000623800000, 0x0000000623800000|100%| E|CS|TAMS 0x0000000623400000| PB 0x0000000623400000| Complete 
| 100|0x0000000623800000, 0x0000000623c00000, 0x0000000623c00000|100%| E|CS|TAMS 0x0000000623800000| PB 0x0000000623800000| Complete 
| 101|0x0000000623c00000, 0x0000000624000000, 0x0000000624000000|100%| E|CS|TAMS 0x0000000623c00000| PB 0x0000000623c00000| Complete 
| 102|0x0000000624000000, 0x0000000624400000, 0x0000000624400000|100%| E|CS|TAMS 0x0000000624000000| PB 0x0000000624000000| Complete 
| 103|0x0000000624400000, 0x0000000624800000, 0x0000000624800000|100%| E|CS|TAMS 0x0000000624400000| PB 0x0000000624400000| Complete 
| 104|0x0000000624800000, 0x0000000624c00000, 0x0000000624c00000|100%| E|CS|TAMS 0x0000000624800000| PB 0x0000000624800000| Complete 
| 105|0x0000000624c00000, 0x0000000625000000, 0x0000000625000000|100%| E|CS|TAMS 0x0000000624c00000| PB 0x0000000624c00000| Complete 
| 106|0x0000000625000000, 0x0000000625400000, 0x0000000625400000|100%| E|CS|TAMS 0x0000000625000000| PB 0x0000000625000000| Complete 
| 107|0x0000000625400000, 0x0000000625800000, 0x0000000625800000|100%| E|CS|TAMS 0x0000000625400000| PB 0x0000000625400000| Complete 
| 108|0x0000000625800000, 0x0000000625c00000, 0x0000000625c00000|100%| E|CS|TAMS 0x0000000625800000| PB 0x0000000625800000| Complete 
| 123|0x0000000629400000, 0x0000000629800000, 0x0000000629800000|100%| E|CS|TAMS 0x0000000629400000| PB 0x0000000629400000| Complete 
| 125|0x0000000629c00000, 0x000000062a000000, 0x000000062a000000|100%| E|CS|TAMS 0x0000000629c00000| PB 0x0000000629c00000| Complete 
|1998|0x00000007fe000000, 0x00000007fe400000, 0x00000007fe400000|100%| O|  |TAMS 0x00000007fe000000| PB 0x00000007fe000000| Untracked 
|1999|0x00000007fe400000, 0x00000007fe800000, 0x00000007fe800000|100%| O|  |TAMS 0x00000007fe400000| PB 0x00000007fe400000| Untracked 
|2000|0x00000007fe800000, 0x00000007fec00000, 0x00000007fec00000|100%| O|  |TAMS 0x00000007fe800000| PB 0x00000007fe800000| Untracked 
|2001|0x00000007fec00000, 0x00000007ff000000, 0x00000007ff000000|100%| O|  |TAMS 0x00000007fec00000| PB 0x00000007fec00000| Untracked 
|2002|0x00000007ff000000, 0x00000007ff400000, 0x00000007ff400000|100%| O|  |TAMS 0x00000007ff000000| PB 0x00000007ff000000| Untracked 
|2003|0x00000007ff400000, 0x00000007ff800000, 0x00000007ff800000|100%| E|CS|TAMS 0x00000007ff400000| PB 0x00000007ff400000| Complete 
|2004|0x00000007ff800000, 0x00000007ffc00000, 0x00000007ffc00000|100%| E|CS|TAMS 0x00000007ff800000| PB 0x00000007ff800000| Complete 
|2005|0x00000007ffc00000, 0x0000000800000000, 0x0000000800000000|100%| O|  |TAMS 0x00000007ffc00000| PB 0x00000007ffc00000| Untracked 

Card table byte_map: [0x0000029574860000,0x0000029575810000] _byte_map_base: 0x000002957180c000

Marking Bits: (CMBitMap*) 0x0000029567eefbb0
 Bits: [0x0000029575810000, 0x000002957d570000)

Polling page: 0x0000029567f10000

Metaspace:

Usage:
  Non-class:     98.23 MB used.
      Class:     12.06 MB used.
       Both:    110.28 MB used.

Virtual space:
  Non-class space:      128.00 MB reserved,      99.06 MB ( 77%) committed,  2 nodes.
      Class space:        1.00 GB reserved,      12.69 MB (  1%) committed,  1 nodes.
             Both:        1.12 GB reserved,     111.75 MB ( 10%) committed. 

Chunk freelists:
   Non-Class:  12.77 MB
       Class:  3.31 MB
        Both:  16.08 MB

MaxMetaspaceSize: unlimited
CompressedClassSpaceSize: 1.00 GB
Initial GC threshold: 21.00 MB
Current GC threshold: 186.25 MB
CDS: off
 - commit_granule_bytes: 65536.
 - commit_granule_words: 8192.
 - virtual_space_node_default_size: 8388608.
 - enlarge_chunks_in_place: 1.
 - use_allocation_guard: 0.


Internal statistics:

num_allocs_failed_limit: 9.
num_arena_births: 1374.
num_arena_deaths: 4.
num_vsnodes_births: 3.
num_vsnodes_deaths: 0.
num_space_committed: 1787.
num_space_uncommitted: 0.
num_chunks_returned_to_freelist: 21.
num_chunks_taken_from_freelist: 4553.
num_chunk_merges: 5.
num_chunk_splits: 3148.
num_chunks_enlarged: 2162.
num_inconsistent_stats: 0.

CodeHeap 'non-profiled nmethods': size=119168Kb used=10829Kb max_used=14188Kb free=108338Kb
 bounds [0x0000029507ba0000, 0x0000029508980000, 0x000002950f000000]
CodeHeap 'profiled nmethods': size=119104Kb used=18521Kb max_used=26354Kb free=100583Kb
 bounds [0x0000029500000000, 0x00000295019e0000, 0x0000029507450000]
CodeHeap 'non-nmethods': size=7488Kb used=2166Kb max_used=3953Kb free=5321Kb
 bounds [0x0000029507450000, 0x0000029507860000, 0x0000029507ba0000]
 total_blobs=9942 nmethods=8840 adapters=1002
 compilation: enabled
              stopped_count=0, restarted_count=0
 full_count=0

Compilation events (20 events):
Event: 825.840 Thread 0x000002951e894040 nmethod 19581 0x0000029500145a10 code [0x0000029500145c00, 0x0000029500146218]
Event: 825.840 Thread 0x000002950f741fd0 nmethod 19582 0x0000029500020710 code [0x00000295000208e0, 0x0000029500020d00]
Event: 825.840 Thread 0x000002951e894040 19583       3       java.util.stream.ReferencePipeline::anyMatch (18 bytes)
Event: 825.840 Thread 0x000002950f741fd0 19585       1       com.st.microxplorer.mcu.Mcu::getInternalName (5 bytes)
Event: 825.840 Thread 0x000002950f741fd0 nmethod 19585 0x0000029507d1cb10 code [0x0000029507d1cca0, 0x0000029507d1cd70]
Event: 825.840 Thread 0x000002951e894040 nmethod 19583 0x0000029500083110 code [0x00000295000832e0, 0x0000029500083580]
Event: 825.847 Thread 0x000002950f737650 nmethod 19572 0x0000029507f01390 code [0x0000029507f01640, 0x0000029507f028a8]
Event: 825.847 Thread 0x000002950f737650 19573       4       org.apache.xerces.dom.DeferredDocumentImpl::createDeferredComment (34 bytes)
Event: 825.851 Thread 0x000002950f737650 nmethod 19573 0x0000029507bf3010 code [0x0000029507bf3200, 0x0000029507bf3728]
Event: 829.133 Thread 0x000002950f737650 19586       4       com.st.microxplorer.db.ApiDbIPConfig::getParamName (404 bytes)
Event: 829.133 Thread 0x000002950f741fd0 19587       3       com.st.microxplorer.altova.db.IP_Configs.RefConfigType$MemberElement_CallLibMethod$MemberElement_CallLibMethod_Iterator::hasNext (44 bytes)
Event: 829.133 Thread 0x000002950f741fd0 nmethod 19587 0x0000029500718990 code [0x0000029500718b60, 0x0000029500718f08]
Event: 829.137 Thread 0x000002950f741fd0 19588       1       com.st.microxplorer.db.ApiDbIPConfig::getIpName (5 bytes)
Event: 829.137 Thread 0x000002950f741fd0 nmethod 19588 0x0000029507d31190 code [0x0000029507d31320, 0x0000029507d313f0]
Event: 829.236 Thread 0x000002950f741fd0 19591       1       com.st.microxplorer.codegenerator.ConfigModel::getMethods (5 bytes)
Event: 829.236 Thread 0x000002950f741fd0 nmethod 19591 0x0000029507d3aa10 code [0x0000029507d3aba0, 0x0000029507d3ac70]
Event: 829.237 Thread 0x000002950f741fd0 19592       1       com.st.microxplorer.codegenerator.Argument::setValue (6 bytes)
Event: 829.237 Thread 0x000002950f741fd0 nmethod 19592 0x0000029507d3cc10 code [0x0000029507d3cda0, 0x0000029507d3ceb8]
Event: 829.336 Thread 0x000002950f741fd0 19594       1       com.st.microxplorer.codegenerator.ConfigModel::getUsedDriver (5 bytes)
Event: 829.336 Thread 0x000002950f741fd0 nmethod 19594 0x0000029507d49210 code [0x0000029507d493a0, 0x0000029507d49470]

GC Heap History (20 events):
Event: 702.945 GC heap before
{Heap before GC invocations=80 (full 0):
 garbage-first heap   total 471040K, used 424096K [0x000000060a800000, 0x0000000800000000)
  region size 4096K, 47 young (192512K), 3 survivors (12288K)
 Metaspace       used 107082K, committed 108416K, reserved 1179648K
  class space    used 11697K, committed 12288K, reserved 1048576K
}
Event: 702.958 GC heap after
{Heap after GC invocations=81 (full 0):
 garbage-first heap   total 471040K, used 244773K [0x000000060a800000, 0x0000000800000000)
  region size 4096K, 3 young (12288K), 3 survivors (12288K)
 Metaspace       used 107082K, committed 108416K, reserved 1179648K
  class space    used 11697K, committed 12288K, reserved 1048576K
}
Event: 752.687 GC heap before
{Heap before GC invocations=81 (full 0):
 garbage-first heap   total 471040K, used 424997K [0x000000060a800000, 0x0000000800000000)
  region size 4096K, 47 young (192512K), 3 survivors (12288K)
 Metaspace       used 107173K, committed 108480K, reserved 1179648K
  class space    used 11698K, committed 12288K, reserved 1048576K
}
Event: 752.697 GC heap after
{Heap after GC invocations=82 (full 0):
 garbage-first heap   total 471040K, used 245309K [0x000000060a800000, 0x0000000800000000)
  region size 4096K, 3 young (12288K), 3 survivors (12288K)
 Metaspace       used 107173K, committed 108480K, reserved 1179648K
  class space    used 11698K, committed 12288K, reserved 1048576K
}
Event: 820.568 GC heap before
{Heap before GC invocations=83 (full 0):
 garbage-first heap   total 487424K, used 425533K [0x000000060a800000, 0x0000000800000000)
  region size 4096K, 47 young (192512K), 3 survivors (12288K)
 Metaspace       used 107964K, committed 109376K, reserved 1179648K
  class space    used 11760K, committed 12352K, reserved 1048576K
}
Event: 820.577 GC heap after
{Heap after GC invocations=84 (full 0):
 garbage-first heap   total 487424K, used 246150K [0x000000060a800000, 0x0000000800000000)
  region size 4096K, 3 young (12288K), 3 survivors (12288K)
 Metaspace       used 107964K, committed 109376K, reserved 1179648K
  class space    used 11760K, committed 12352K, reserved 1048576K
}
Event: 820.987 GC heap before
{Heap before GC invocations=84 (full 0):
 garbage-first heap   total 487424K, used 438662K [0x000000060a800000, 0x0000000800000000)
  region size 4096K, 51 young (208896K), 3 survivors (12288K)
 Metaspace       used 109016K, committed 110400K, reserved 1179648K
  class space    used 11887K, committed 12480K, reserved 1048576K
}
Event: 821.001 GC heap after
{Heap after GC invocations=85 (full 0):
 garbage-first heap   total 487424K, used 246562K [0x000000060a800000, 0x0000000800000000)
  region size 4096K, 4 young (16384K), 4 survivors (16384K)
 Metaspace       used 109016K, committed 110400K, reserved 1179648K
  class space    used 11887K, committed 12480K, reserved 1048576K
}
Event: 822.424 GC heap before
{Heap before GC invocations=85 (full 0):
 garbage-first heap   total 487424K, used 439074K [0x000000060a800000, 0x0000000800000000)
  region size 4096K, 51 young (208896K), 4 survivors (16384K)
 Metaspace       used 112567K, committed 113984K, reserved 1179648K
  class space    used 12318K, committed 12928K, reserved 1048576K
}
Event: 822.434 GC heap after
{Heap after GC invocations=86 (full 0):
 garbage-first heap   total 487424K, used 248840K [0x000000060a800000, 0x0000000800000000)
  region size 4096K, 4 young (16384K), 4 survivors (16384K)
 Metaspace       used 112567K, committed 113984K, reserved 1179648K
  class space    used 12318K, committed 12928K, reserved 1048576K
}
Event: 823.712 GC heap before
{Heap before GC invocations=87 (full 0):
 garbage-first heap   total 487424K, used 437256K [0x000000060a800000, 0x0000000800000000)
  region size 4096K, 50 young (204800K), 4 survivors (16384K)
 Metaspace       used 112932K, committed 114432K, reserved 1179648K
  class space    used 12343K, committed 12992K, reserved 1048576K
}
Event: 823.721 GC heap after
{Heap after GC invocations=88 (full 0):
 garbage-first heap   total 487424K, used 249665K [0x000000060a800000, 0x0000000800000000)
  region size 4096K, 4 young (16384K), 4 survivors (16384K)
 Metaspace       used 112932K, committed 114432K, reserved 1179648K
  class space    used 12343K, committed 12992K, reserved 1048576K
}
Event: 824.288 GC heap before
{Heap before GC invocations=88 (full 0):
 garbage-first heap   total 487424K, used 438081K [0x000000060a800000, 0x0000000800000000)
  region size 4096K, 50 young (204800K), 4 survivors (16384K)
 Metaspace       used 112932K, committed 114432K, reserved 1179648K
  class space    used 12343K, committed 12992K, reserved 1048576K
}
Event: 824.296 GC heap after
{Heap after GC invocations=89 (full 0):
 garbage-first heap   total 487424K, used 249591K [0x000000060a800000, 0x0000000800000000)
  region size 4096K, 3 young (12288K), 3 survivors (12288K)
 Metaspace       used 112932K, committed 114432K, reserved 1179648K
  class space    used 12343K, committed 12992K, reserved 1048576K
}
Event: 824.830 GC heap before
{Heap before GC invocations=89 (full 0):
 garbage-first heap   total 487424K, used 446199K [0x000000060a800000, 0x0000000800000000)
  region size 4096K, 51 young (208896K), 3 survivors (12288K)
 Metaspace       used 112943K, committed 114432K, reserved 1179648K
  class space    used 12343K, committed 12992K, reserved 1048576K
}
Event: 824.838 GC heap after
{Heap after GC invocations=90 (full 0):
 garbage-first heap   total 487424K, used 250024K [0x000000060a800000, 0x0000000800000000)
  region size 4096K, 3 young (12288K), 3 survivors (12288K)
 Metaspace       used 112943K, committed 114432K, reserved 1179648K
  class space    used 12343K, committed 12992K, reserved 1048576K
}
Event: 825.553 GC heap before
{Heap before GC invocations=91 (full 0):
 garbage-first heap   total 487424K, used 442536K [0x000000060a800000, 0x0000000800000000)
  region size 4096K, 50 young (204800K), 3 survivors (12288K)
 Metaspace       used 112882K, committed 114432K, reserved 1179648K
  class space    used 12338K, committed 12992K, reserved 1048576K
}
Event: 825.560 GC heap after
{Heap after GC invocations=92 (full 0):
 garbage-first heap   total 487424K, used 255809K [0x000000060a800000, 0x0000000800000000)
  region size 4096K, 5 young (20480K), 5 survivors (20480K)
 Metaspace       used 112882K, committed 114432K, reserved 1179648K
  class space    used 12338K, committed 12992K, reserved 1048576K
}
Event: 829.186 GC heap before
{Heap before GC invocations=92 (full 0):
 garbage-first heap   total 487424K, used 431937K [0x000000060a800000, 0x0000000800000000)
  region size 4096K, 48 young (196608K), 5 survivors (20480K)
 Metaspace       used 112921K, committed 114432K, reserved 1179648K
  class space    used 12344K, committed 12992K, reserved 1048576K
}
Event: 829.194 GC heap after
{Heap after GC invocations=93 (full 0):
 garbage-first heap   total 487424K, used 256527K [0x000000060a800000, 0x0000000800000000)
  region size 4096K, 4 young (16384K), 4 survivors (16384K)
 Metaspace       used 112921K, committed 114432K, reserved 1179648K
  class space    used 12344K, committed 12992K, reserved 1048576K
}

Dll operation events (20 events):
Event: 0.047 Loaded shared library C:\Users\u0081767\AppData\Local\Programs\STM32CubeMX\jre\bin\java.dll
Event: 0.133 Loaded shared library C:\Users\u0081767\AppData\Local\Programs\STM32CubeMX\jre\bin\jsvml.dll
Event: 0.210 Loaded shared library C:\Users\u0081767\AppData\Local\Programs\STM32CubeMX\jre\bin\net.dll
Event: 0.219 Loaded shared library C:\Users\u0081767\AppData\Local\Programs\STM32CubeMX\jre\bin\nio.dll
Event: 0.289 Loaded shared library C:\Users\u0081767\AppData\Local\Programs\STM32CubeMX\jre\bin\zip.dll
Event: 0.381 Loaded shared library C:\Users\u0081767\AppData\Local\Programs\STM32CubeMX\jre\bin\jimage.dll
Event: 0.834 Loaded shared library C:\Users\u0081767\AppData\Local\Programs\STM32CubeMX\jre\bin\management.dll
Event: 0.871 Loaded shared library C:\Users\u0081767\AppData\Local\Programs\STM32CubeMX\jre\bin\management_ext.dll
Event: 2.074 Loaded shared library C:\Users\u0081767\AppData\Local\Programs\STM32CubeMX\jre\bin\awt.dll
Event: 2.852 Loaded shared library C:\Users\u0081767\AppData\Local\Programs\STM32CubeMX\jre\bin\freetype.dll
Event: 2.858 Loaded shared library C:\Users\u0081767\AppData\Local\Programs\STM32CubeMX\jre\bin\fontmanager.dll
Event: 3.227 Loaded shared library C:\Users\u0081767\AppData\Local\Programs\STM32CubeMX\jre\bin\verify.dll
Event: 3.514 Loaded shared library C:\Users\u0081767\AppData\Local\Programs\STM32CubeMX\jre\bin\prefs.dll
Event: 19.477 Loaded shared library C:\Users\u0081767\AppData\Local\Programs\STM32CubeMX\jre\bin\sunmscapi.dll
Event: 19.569 Loaded shared library C:\Users\u0081767\AppData\Local\Programs\STM32CubeMX\jre\bin\extnet.dll
Event: 20.255 Loaded shared library C:\Users\u0081767\AppData\Local\Programs\STM32CubeMX\jre\bin\javajpeg.dll
Event: 20.594 Loaded shared library C:\Users\u0081767\AppData\Local\Programs\STM32CubeMX\jre\bin\lcms.dll
Event: 23.227 Loaded shared library C:\Users\u0081767\.stm32cubemx\.jxbrowser-7.41.5\Chromium\toolkit64.dll
Event: 23.820 Loaded shared library C:\Users\u0081767\.stm32cubemx\.jxbrowser-7.41.5\Chromium\ipc64.dll
Event: 44.694 Loaded shared library C:\Users\u0081767\AppData\Local\Temp\sqlite-3.34.0-2920dbc8-a57f-4cd3-a448-e290a41b8c8c-sqlitejdbc.dll

Deoptimization events (20 events):
Event: 824.485 Thread 0x0000029524c7d440 DEOPT PACKING pc=0x000002950188ffeb sp=0x000000ec735fe510
Event: 824.485 Thread 0x0000029524c7d440 DEOPT UNPACKING pc=0x00000295074a4e42 sp=0x000000ec735fdc48 mode 0
Event: 824.490 Thread 0x0000029524c7d440 DEOPT PACKING pc=0x000002950189090a sp=0x000000ec735fe510
Event: 824.490 Thread 0x0000029524c7d440 DEOPT UNPACKING pc=0x00000295074a4e42 sp=0x000000ec735fdc48 mode 0
Event: 824.545 Thread 0x0000029524c7d440 Uncommon trap: trap_request=0xffffff45 fr.pc=0x00000295083a5a20 relative=0x0000000000001720
Event: 824.545 Thread 0x0000029524c7d440 Uncommon trap: reason=unstable_if action=reinterpret pc=0x00000295083a5a20 method=com.st.microxplorer.codegenerator.Argument.argStatus(Ljava/lang/String;)Ljava/lang/String; @ 358 c2
Event: 824.545 Thread 0x0000029524c7d440 DEOPT PACKING pc=0x00000295083a5a20 sp=0x000000ec735fe920
Event: 824.545 Thread 0x0000029524c7d440 DEOPT UNPACKING pc=0x00000295074a46a2 sp=0x000000ec735fe908 mode 2
Event: 825.500 Thread 0x0000029524c7d440 Uncommon trap: trap_request=0xffffff45 fr.pc=0x0000029507dd488c relative=0x0000000000000eec
Event: 825.501 Thread 0x0000029524c7d440 Uncommon trap: reason=unstable_if action=reinterpret pc=0x0000029507dd488c method=com.st.microxplorer.codegenerator.LibMethod.<init>(Ljava/lang/String;Ljava/lang/String;Ljava/lang/String;ZLjava/lang/String;Ljava/util/List;Lcom/st/microxplorer/codegenerato
Event: 825.501 Thread 0x0000029524c7d440 DEOPT PACKING pc=0x0000029507dd488c sp=0x000000ec735fe900
Event: 825.501 Thread 0x0000029524c7d440 DEOPT UNPACKING pc=0x00000295074a46a2 sp=0x000000ec735fe860 mode 2
Event: 825.502 Thread 0x0000029524c7d440 Uncommon trap: trap_request=0xffffff45 fr.pc=0x0000029507c04f7c relative=0x000000000000103c
Event: 825.502 Thread 0x0000029524c7d440 Uncommon trap: reason=unstable_if action=reinterpret pc=0x0000029507c04f7c method=com.st.microxplorer.codegenerator.LibMethod.<init>(Ljava/lang/String;Ljava/lang/String;Ljava/lang/String;ZLjava/lang/String;Ljava/util/List;Lcom/st/microxplorer/codegenerato
Event: 825.502 Thread 0x0000029524c7d440 DEOPT PACKING pc=0x0000029507c04f7c sp=0x000000ec735fe8c0
Event: 825.502 Thread 0x0000029524c7d440 DEOPT UNPACKING pc=0x00000295074a46a2 sp=0x000000ec735fe8d0 mode 2
Event: 825.503 Thread 0x0000029524c7d440 Uncommon trap: trap_request=0xffffff45 fr.pc=0x0000029507db9d10 relative=0x0000000000001410
Event: 825.503 Thread 0x0000029524c7d440 Uncommon trap: reason=unstable_if action=reinterpret pc=0x0000029507db9d10 method=com.st.microxplorer.codegenerator.LibMethod.setStatus(Ljava/lang/String;)V @ 136 c2
Event: 825.503 Thread 0x0000029524c7d440 DEOPT PACKING pc=0x0000029507db9d10 sp=0x000000ec735feb30
Event: 825.503 Thread 0x0000029524c7d440 DEOPT UNPACKING pc=0x00000295074a46a2 sp=0x000000ec735feb28 mode 2

Classes loaded (20 events):
Event: 822.760 Loading class java/util/ArrayListCustomizer
Event: 822.760 Loading class java/util/ArrayListCustomizer done
Event: 822.760 Loading class java/util/ArrayListCustomizer
Event: 822.760 Loading class java/util/ArrayListCustomizer done
Event: 822.775 Loading class java/util/ArrayList$ItrBeanInfo
Event: 822.775 Loading class java/util/ArrayList$ItrBeanInfo done
Event: 822.775 Loading class java/util/ArrayList$ItrBeanInfo
Event: 822.775 Loading class java/util/ArrayList$ItrBeanInfo done
Event: 822.776 Loading class java/util/ArrayList$ItrCustomizer
Event: 822.776 Loading class java/util/ArrayList$ItrCustomizer done
Event: 822.776 Loading class java/util/ArrayList$ItrCustomizer
Event: 822.776 Loading class java/util/ArrayList$ItrCustomizer done
Event: 822.896 Loading class java/io/FileBeanInfo
Event: 822.896 Loading class java/io/FileBeanInfo done
Event: 822.896 Loading class java/io/FileBeanInfo
Event: 822.896 Loading class java/io/FileBeanInfo done
Event: 822.896 Loading class java/io/FileCustomizer
Event: 822.896 Loading class java/io/FileCustomizer done
Event: 822.896 Loading class java/io/FileCustomizer
Event: 822.896 Loading class java/io/FileCustomizer done

Classes unloaded (10 events):
Event: 824.962 Thread 0x000002950f6d1ba0 Unloading class 0x0000000800bb39d8 'com/st/stm32cube/ide/common/services/mx/jar/core/mx/plugin/PlugInInstaller$PlugInRoot'
Event: 824.962 Thread 0x000002950f6d1ba0 Unloading class 0x0000000800bb37a0 'com/st/stm32cube/ide/common/services/mx/jar/core/mx/plugin/PlugInInstaller'
Event: 824.962 Thread 0x000002950f6d1ba0 Unloading class 0x0000000800bb34c8 'com/st/stm32cube/ide/common/services/mx/jar/core/mx/plugin/PlugIn'
Event: 824.962 Thread 0x000002950f6d1ba0 Unloading class 0x0000000800bb31f8 'com/st/stm32cube/ide/common/services/mx/jar/core/mx/plugin/PlugInAbstract'
Event: 824.962 Thread 0x000002950f6d1ba0 Unloading class 0x0000000800bb3000 'com/st/stm32cube/ide/common/services/mx/jar/core/mx/plugin/PlugInInterface'
Event: 824.962 Thread 0x000002950f6d1ba0 Unloading class 0x0000000800bb07e0 'com/st/stm32cube/ide/common/services/mx/jar/core/mx/plugin/PlugInInstaller$PlugInRoot'
Event: 824.962 Thread 0x000002950f6d1ba0 Unloading class 0x0000000800bb05a8 'com/st/stm32cube/ide/common/services/mx/jar/core/mx/plugin/PlugInInstaller'
Event: 824.962 Thread 0x000002950f6d1ba0 Unloading class 0x0000000800bb02d0 'com/st/stm32cube/ide/common/services/mx/jar/core/mx/plugin/PlugIn'
Event: 824.962 Thread 0x000002950f6d1ba0 Unloading class 0x0000000800bb0000 'com/st/stm32cube/ide/common/services/mx/jar/core/mx/plugin/PlugInAbstract'
Event: 824.962 Thread 0x000002950f6d1ba0 Unloading class 0x0000000800babc00 'com/st/stm32cube/ide/common/services/mx/jar/core/mx/plugin/PlugInInterface'

Classes redefined (0 events):
No events

Internal exceptions (20 events):
Event: 822.755 Thread 0x0000029524c7d440 Exception <a 'java/lang/ClassNotFoundException'{0x0000000629e4f740}: java/util/AbstractCollectionCustomizer> (0x0000000629e4f740) 
thrown [s\src\hotspot\share\classfile\systemDictionary.cpp, line 312]
Event: 822.757 Thread 0x0000029524c7d440 Exception <a 'java/lang/ClassNotFoundException'{0x0000000629e60228}: java/util/AbstractListCustomizer> (0x0000000629e60228) 
thrown [s\src\hotspot\share\classfile\systemDictionary.cpp, line 312]
Event: 822.760 Thread 0x0000029524c7d440 Exception <a 'java/lang/ClassNotFoundException'{0x0000000629e8c738}: java/util/ArrayListCustomizer> (0x0000000629e8c738) 
thrown [s\src\hotspot\share\classfile\systemDictionary.cpp, line 312]
Event: 822.775 Thread 0x0000029524c7d440 Exception <a 'java/lang/ClassNotFoundException'{0x0000000629eecc58}: java/util/ArrayList$ItrBeanInfo> (0x0000000629eecc58) 
thrown [s\src\hotspot\share\classfile\systemDictionary.cpp, line 312]
Event: 822.776 Thread 0x0000029524c7d440 Exception <a 'java/lang/ClassNotFoundException'{0x0000000629eed940}: java/util/ArrayList$ItrCustomizer> (0x0000000629eed940) 
thrown [s\src\hotspot\share\classfile\systemDictionary.cpp, line 312]
Event: 822.779 Thread 0x0000029524c7d440 Exception <a 'java/lang/ClassNotFoundException'{0x0000000629efcb08}: com/st/microxplorer/codegenerator/PinoutConfigModelBeanInfo> (0x0000000629efcb08) 
thrown [s\src\hotspot\share\classfile\systemDictionary.cpp, line 312]
Event: 822.779 Thread 0x0000029524c7d440 Exception <a 'java/lang/ClassNotFoundException'{0x0000000629efe338}: com/st/microxplorer/codegenerator/PinoutConfigModelCustomizer> (0x0000000629efe338) 
thrown [s\src\hotspot\share\classfile\systemDictionary.cpp, line 312]
Event: 822.783 Thread 0x0000029524c7d440 Exception <a 'java/lang/ClassNotFoundException'{0x0000000629f1ffe0}: com/st/microxplorer/codegenerator/fctDefinitionBeanInfo> (0x0000000629f1ffe0) 
thrown [s\src\hotspot\share\classfile\systemDictionary.cpp, line 312]
Event: 822.783 Thread 0x0000029524c7d440 Exception <a 'java/lang/ClassNotFoundException'{0x0000000629f217f8}: com/st/microxplorer/codegenerator/fctDefinitionCustomizer> (0x0000000629f217f8) 
thrown [s\src\hotspot\share\classfile\systemDictionary.cpp, line 312]
Event: 822.788 Thread 0x0000029524c7d440 Exception <a 'java/lang/ClassNotFoundException'{0x0000000629f46420}: com/st/microxplorer/codegenerator/VariableBeanInfo> (0x0000000629f46420) 
thrown [s\src\hotspot\share\classfile\systemDictionary.cpp, line 312]
Event: 822.788 Thread 0x0000029524c7d440 Exception <a 'java/lang/ClassNotFoundException'{0x0000000629f47be0}: com/st/microxplorer/codegenerator/VariableCustomizer> (0x0000000629f47be0) 
thrown [s\src\hotspot\share\classfile\systemDictionary.cpp, line 312]
Event: 822.805 Thread 0x0000029524c7d440 Exception <a 'java/lang/ClassNotFoundException'{0x0000000629f67c08}: com/st/microxplorer/codegenerator/LibMethodBeanInfo> (0x0000000629f67c08) 
thrown [s\src\hotspot\share\classfile\systemDictionary.cpp, line 312]
Event: 822.805 Thread 0x0000029524c7d440 Exception <a 'java/lang/ClassNotFoundException'{0x0000000629f693d0}: com/st/microxplorer/codegenerator/LibMethodCustomizer> (0x0000000629f693d0) 
thrown [s\src\hotspot\share\classfile\systemDictionary.cpp, line 312]
Event: 822.808 Thread 0x0000029524c7d440 Exception <a 'java/lang/ClassNotFoundException'{0x0000000629f9b0d0}: com/st/microxplorer/codegenerator/ArgumentBeanInfo> (0x0000000629f9b0d0) 
thrown [s\src\hotspot\share\classfile\systemDictionary.cpp, line 312]
Event: 822.809 Thread 0x0000029524c7d440 Exception <a 'java/lang/ClassNotFoundException'{0x0000000629f9d0a0}: com/st/microxplorer/codegenerator/ArgumentCustomizer> (0x0000000629f9d0a0) 
thrown [s\src\hotspot\share\classfile\systemDictionary.cpp, line 312]
Event: 822.894 Thread 0x0000029524c7d440 Exception <a 'java/lang/ClassNotFoundException'{0x000000062947a348}: freemarker/template/utility/ObjectConstructorBeanInfo> (0x000000062947a348) 
thrown [s\src\hotspot\share\classfile\systemDictionary.cpp, line 312]
Event: 822.894 Thread 0x0000029524c7d440 Exception <a 'java/lang/ClassNotFoundException'{0x000000062947bb18}: freemarker/template/utility/ObjectConstructorCustomizer> (0x000000062947bb18) 
thrown [s\src\hotspot\share\classfile\systemDictionary.cpp, line 312]
Event: 822.896 Thread 0x0000029524c7d440 Exception <a 'java/lang/ClassNotFoundException'{0x00000006294864c0}: java/io/FileBeanInfo> (0x00000006294864c0) 
thrown [s\src\hotspot\share\classfile\systemDictionary.cpp, line 312]
Event: 822.896 Thread 0x0000029524c7d440 Exception <a 'java/lang/ClassNotFoundException'{0x0000000629487168}: java/io/FileCustomizer> (0x0000000629487168) 
thrown [s\src\hotspot\share\classfile\systemDictionary.cpp, line 312]
Event: 822.919 Thread 0x0000029524c7d440 Implicit null exception at 0x00000295084ee5cb to 0x00000295084ee6d0

ZGC Phase Switch (0 events):
No events

VM Operations (20 events):
Event: 822.649 Executing VM operation: G1PauseCleanup
Event: 822.650 Executing VM operation: G1PauseCleanup done
Event: 822.885 Executing VM operation: HandshakeAllThreads (Deoptimize)
Event: 822.885 Executing VM operation: HandshakeAllThreads (Deoptimize) done
Event: 823.712 Executing VM operation: G1CollectForAllocation (G1 Evacuation Pause)
Event: 823.721 Executing VM operation: G1CollectForAllocation (G1 Evacuation Pause) done
Event: 824.288 Executing VM operation: G1CollectForAllocation (G1 Evacuation Pause)
Event: 824.296 Executing VM operation: G1CollectForAllocation (G1 Evacuation Pause) done
Event: 824.830 Executing VM operation: G1CollectForAllocation (G1 Evacuation Pause)
Event: 824.838 Executing VM operation: G1CollectForAllocation (G1 Evacuation Pause) done
Event: 824.961 Executing VM operation: G1PauseRemark
Event: 825.091 Executing VM operation: G1PauseRemark done
Event: 825.127 Executing VM operation: G1PauseCleanup
Event: 825.127 Executing VM operation: G1PauseCleanup done
Event: 825.553 Executing VM operation: G1CollectForAllocation (G1 Evacuation Pause)
Event: 825.560 Executing VM operation: G1CollectForAllocation (G1 Evacuation Pause) done
Event: 826.573 Executing VM operation: Cleanup
Event: 826.573 Executing VM operation: Cleanup done
Event: 829.186 Executing VM operation: G1CollectForAllocation (G1 Evacuation Pause)
Event: 829.194 Executing VM operation: G1CollectForAllocation (G1 Evacuation Pause) done

Events (20 events):
Event: 825.091 Thread 0x000002950f6d1ba0 flushing nmethod 0x0000029507e8ef10
Event: 825.091 Thread 0x000002950f6d1ba0 flushing nmethod 0x0000029507e5e110
Event: 825.091 Thread 0x000002950f6d1ba0 flushing nmethod 0x0000029507e62290
Event: 825.091 Thread 0x000002950f6d1ba0 flushing nmethod 0x0000029507df1310
Event: 825.091 Thread 0x000002950f6d1ba0 flushing nmethod 0x0000029507cb4490
Event: 825.091 Thread 0x000002950f6d1ba0 flushing nmethod 0x0000029507cc3d10
Event: 825.091 Thread 0x000002950f6d1ba0 flushing nmethod 0x0000029507cc1810
Event: 825.091 Thread 0x000002950f6d1ba0 flushing nmethod 0x0000029507ddbd90
Event: 825.091 Thread 0x000002950f6d1ba0 flushing nmethod 0x0000029507ddb990
Event: 825.091 Thread 0x000002950f6d1ba0 flushing nmethod 0x0000029507d56d10
Event: 825.091 Thread 0x000002950f6d1ba0 flushing nmethod 0x0000029507d6d910
Event: 825.091 Thread 0x000002950f6d1ba0 flushing nmethod 0x0000029507d59490
Event: 825.091 Thread 0x000002950f6d1ba0 flushing nmethod 0x0000029507d4a210
Event: 825.091 Thread 0x000002950f6d1ba0 flushing nmethod 0x0000029507d0cd10
Event: 825.091 Thread 0x000002950f6d1ba0 flushing nmethod 0x0000029507c82210
Event: 825.091 Thread 0x000002950f6d1ba0 flushing nmethod 0x0000029507c78210
Event: 825.091 Thread 0x000002950f6d1ba0 flushing nmethod 0x0000029507c17110
Event: 825.091 Thread 0x000002950f6d1ba0 flushing nmethod 0x0000029507bd9290
Event: 825.091 Thread 0x000002950f6d1ba0 flushing nmethod 0x0000029507c14810
Event: 829.133 Thread 0x000002951e894040 Thread exited: 0x000002951e894040


Dynamic libraries:
0x00007ff60a010000 - 0x00007ff60a01e000 	C:\Users\u0081767\AppData\Local\Programs\STM32CubeMX\jre\bin\java.exe
0x00007ffb1dbc0000 - 0x00007ffb1de25000 	C:\Windows\SYSTEM32\ntdll.dll
0x00007ffb1d150000 - 0x00007ffb1d219000 	C:\Windows\System32\KERNEL32.DLL
0x00007ffb1b570000 - 0x00007ffb1b958000 	C:\Windows\System32\KERNELBASE.dll
0x00007ffb1b200000 - 0x00007ffb1b34b000 	C:\Windows\System32\ucrtbase.dll
0x00007ffb09410000 - 0x00007ffb09428000 	C:\Users\u0081767\AppData\Local\Programs\STM32CubeMX\jre\bin\jli.dll
0x00007ffb09340000 - 0x00007ffb0935b000 	C:\Users\u0081767\AppData\Local\Programs\STM32CubeMX\jre\bin\VCRUNTIME140.dll
0x00007ffb1bd80000 - 0x00007ffb1bf4a000 	C:\Windows\System32\USER32.dll
0x00007ffafe150000 - 0x00007ffafe3ea000 	C:\Windows\WinSxS\amd64_microsoft.windows.common-controls_6595b64144ccf1df_6.0.26100.4202_none_3e0698d4e335f517\COMCTL32.dll
0x00007ffb1ad10000 - 0x00007ffb1ad37000 	C:\Windows\System32\win32u.dll
0x00007ffb1c7a0000 - 0x00007ffb1c849000 	C:\Windows\System32\msvcrt.dll
0x00007ffb1c990000 - 0x00007ffb1c9bb000 	C:\Windows\System32\GDI32.dll
0x00007ffb1af80000 - 0x00007ffb1b0b7000 	C:\Windows\System32\gdi32full.dll
0x00007ffb1b0c0000 - 0x00007ffb1b163000 	C:\Windows\System32\msvcp_win.dll
0x00007ffb1d570000 - 0x00007ffb1d5a0000 	C:\Windows\System32\IMM32.DLL
0x00007ffb150a0000 - 0x00007ffb150ac000 	C:\Users\u0081767\AppData\Local\Programs\STM32CubeMX\jre\bin\vcruntime140_1.dll
0x00007ffb07450000 - 0x00007ffb074de000 	C:\Users\u0081767\AppData\Local\Programs\STM32CubeMX\jre\bin\msvcp140.dll
0x00007ffa1b020000 - 0x00007ffa1bda2000 	C:\Users\u0081767\AppData\Local\Programs\STM32CubeMX\jre\bin\server\jvm.dll
0x00007ffb1da80000 - 0x00007ffb1db33000 	C:\Windows\System32\ADVAPI32.dll
0x00007ffb1c6a0000 - 0x00007ffb1c746000 	C:\Windows\System32\sechost.dll
0x00007ffb1d030000 - 0x00007ffb1d145000 	C:\Windows\System32\RPCRT4.dll
0x00007ffb1d4f0000 - 0x00007ffb1d564000 	C:\Windows\System32\WS2_32.dll
0x00007ffb1ab60000 - 0x00007ffb1abbe000 	C:\Windows\SYSTEM32\POWRPROF.dll
0x00007ffb10240000 - 0x00007ffb10275000 	C:\Windows\SYSTEM32\WINMM.dll
0x00007ffb102a0000 - 0x00007ffb102ab000 	C:\Windows\SYSTEM32\VERSION.dll
0x00007ffb1ab40000 - 0x00007ffb1ab54000 	C:\Windows\SYSTEM32\UMPDC.dll
0x00007ffb19960000 - 0x00007ffb1997b000 	C:\Windows\SYSTEM32\kernel.appcore.dll
0x00007ffb14b30000 - 0x00007ffb14b3a000 	C:\Users\u0081767\AppData\Local\Programs\STM32CubeMX\jre\bin\jimage.dll
0x00007ffb18370000 - 0x00007ffb185b1000 	C:\Windows\SYSTEM32\DBGHELP.DLL
0x00007ffb1b9e0000 - 0x00007ffb1bd65000 	C:\Windows\System32\combase.dll
0x00007ffb1d220000 - 0x00007ffb1d301000 	C:\Windows\System32\OLEAUT32.dll
0x00007ffb0b7b0000 - 0x00007ffb0b7e9000 	C:\Windows\SYSTEM32\dbgcore.DLL
0x00007ffb1b350000 - 0x00007ffb1b3e9000 	C:\Windows\System32\bcryptPrimitives.dll
0x00007ffafd0f0000 - 0x00007ffafd10f000 	C:\Users\u0081767\AppData\Local\Programs\STM32CubeMX\jre\bin\java.dll
0x00007ffb1bf50000 - 0x00007ffb1c692000 	C:\Windows\System32\SHELL32.dll
0x00007ffb1b3f0000 - 0x00007ffb1b564000 	C:\Windows\System32\wintypes.dll
0x00007ffb185f0000 - 0x00007ffb18e48000 	C:\Windows\SYSTEM32\windows.storage.dll
0x00007ffb1d980000 - 0x00007ffb1da71000 	C:\Windows\System32\SHCORE.dll
0x00007ffb1d790000 - 0x00007ffb1d7fa000 	C:\Windows\System32\shlwapi.dll
0x00007ffb1ac20000 - 0x00007ffb1ac4f000 	C:\Windows\SYSTEM32\profapi.dll
0x00007ffaef360000 - 0x00007ffaef437000 	C:\Users\u0081767\AppData\Local\Programs\STM32CubeMX\jre\bin\jsvml.dll
0x00007ffb0bc40000 - 0x00007ffb0bc50000 	C:\Users\u0081767\AppData\Local\Programs\STM32CubeMX\jre\bin\net.dll
0x00007ffb19980000 - 0x00007ffb19a9e000 	C:\Windows\SYSTEM32\WINHTTP.dll
0x00007ffb19fe0000 - 0x00007ffb1a04a000 	C:\Windows\system32\mswsock.dll
0x00007ffafc430000 - 0x00007ffafc446000 	C:\Users\u0081767\AppData\Local\Programs\STM32CubeMX\jre\bin\nio.dll
0x00007ffafba60000 - 0x00007ffafba78000 	C:\Users\u0081767\AppData\Local\Programs\STM32CubeMX\jre\bin\zip.dll
0x00007ffb09f60000 - 0x00007ffb09f6a000 	C:\Users\u0081767\AppData\Local\Programs\STM32CubeMX\jre\bin\management.dll
0x00007ffb09300000 - 0x00007ffb0930b000 	C:\Users\u0081767\AppData\Local\Programs\STM32CubeMX\jre\bin\management_ext.dll
0x00007ffb1bd70000 - 0x00007ffb1bd78000 	C:\Windows\System32\PSAPI.DLL
0x00007ffaf27f0000 - 0x00007ffaf2808000 	C:\Windows\system32\napinsp.dll
0x00007ffb19140000 - 0x00007ffb19267000 	C:\Windows\SYSTEM32\DNSAPI.dll
0x00007ffb190c0000 - 0x00007ffb190f3000 	C:\Windows\SYSTEM32\IPHLPAPI.DLL
0x00007ffb1d800000 - 0x00007ffb1d80a000 	C:\Windows\System32\NSI.dll
0x00007ffaf27d0000 - 0x00007ffaf27e2000 	C:\Windows\System32\winrnr.dll
0x00007ffaf2790000 - 0x00007ffaf27c0000 	C:\Windows\system32\nlansp_c.dll
0x00007ffb14150000 - 0x00007ffb14170000 	C:\Windows\system32\wshbth.dll
0x000000005bab0000 - 0x000000005bad6000 	C:\Program Files\Bonjour\mdnsNSP.dll
0x00007ffb13fd0000 - 0x00007ffb13fdb000 	C:\Windows\System32\rasadhlp.dll
0x00007ffb15ee0000 - 0x00007ffb15f66000 	C:\Windows\System32\fwpuclnt.dll
0x00007ffabd090000 - 0x00007ffabd21e000 	C:\Users\u0081767\AppData\Local\Programs\STM32CubeMX\jre\bin\awt.dll
0x00007ffb13ee0000 - 0x00007ffb13f7e000 	C:\Windows\SYSTEM32\apphelp.dll
0x00007ffb1a3c0000 - 0x00007ffb1a3db000 	C:\Windows\SYSTEM32\CRYPTSP.dll
0x00007ffb198c0000 - 0x00007ffb198fa000 	C:\Windows\system32\rsaenh.dll
0x00007ffb1a080000 - 0x00007ffb1a0ab000 	C:\Windows\SYSTEM32\USERENV.dll
0x00007ffb1abf0000 - 0x00007ffb1ac16000 	C:\Windows\SYSTEM32\bcrypt.dll
0x00007ffb1a3a0000 - 0x00007ffb1a3ac000 	C:\Windows\SYSTEM32\CRYPTBASE.dll
0x00007ffb17650000 - 0x00007ffb176ff000 	C:\Windows\system32\uxtheme.dll
0x00007ffb1d810000 - 0x00007ffb1d970000 	C:\Windows\System32\MSCTF.dll
0x00007ffb1d330000 - 0x00007ffb1d4ce000 	C:\Windows\System32\ole32.dll
0x00007ffb17bd0000 - 0x00007ffb17c06000 	C:\Windows\system32\DWMAPI.DLL
0x00007ffa97080000 - 0x00007ffa97194000 	C:\Windows\system32\opengl32.dll
0x00007ffa98a90000 - 0x00007ffa98abd000 	C:\Windows\SYSTEM32\GLU32.dll
0x00007ffb17a00000 - 0x00007ffb17a4d000 	C:\Windows\SYSTEM32\dxcore.dll
0x00007ffaeea30000 - 0x00007ffaeebe7000 	C:\Windows\system32\d3d9.dll
0x00007ffb10460000 - 0x00007ffb1061b000 	C:\Windows\System32\DriverStore\FileRepository\u0408580.inf_amd64_8c845c7af98953b1\B408487\aticfx64.dll
0x00007ffac0c00000 - 0x00007ffac0c34000 	C:\Windows\System32\DriverStore\FileRepository\u0408580.inf_amd64_8c845c7af98953b1\B408487\atiu9p64.dll
0x00007ffaae3b0000 - 0x00007ffaaf0f7000 	C:\Windows\System32\DriverStore\FileRepository\u0408580.inf_amd64_8c845c7af98953b1\B408487\atiumd64.dll
0x000000005ab30000 - 0x000000005ba43000 	C:\Windows\System32\DriverStore\FileRepository\u0408580.inf_amd64_8c845c7af98953b1\B408487\atiumd6a.dll
0x00007ffb1cba0000 - 0x00007ffb1d026000 	C:\Windows\System32\SETUPAPI.dll
0x00007ffb0dcb0000 - 0x00007ffb0dce5000 	C:\Windows\SYSTEM32\amdihk64.dll
0x00007ffb17990000 - 0x00007ffb179f1000 	C:\Windows\SYSTEM32\directxdatabasehelper.dll
0x00007ffaea250000 - 0x00007ffaea2d7000 	C:\Users\u0081767\AppData\Local\Programs\STM32CubeMX\jre\bin\freetype.dll
0x00007ffac21e0000 - 0x00007ffac22c2000 	C:\Users\u0081767\AppData\Local\Programs\STM32CubeMX\jre\bin\fontmanager.dll
0x00007ffb09380000 - 0x00007ffb09390000 	C:\Users\u0081767\AppData\Local\Programs\STM32CubeMX\jre\bin\verify.dll
0x00007ffb09370000 - 0x00007ffb09379000 	C:\Users\u0081767\AppData\Local\Programs\STM32CubeMX\jre\bin\prefs.dll
0x00007ffb09360000 - 0x00007ffb0936e000 	C:\Users\u0081767\AppData\Local\Programs\STM32CubeMX\jre\bin\sunmscapi.dll
0x00007ffb1ad40000 - 0x00007ffb1aeb7000 	C:\Windows\System32\CRYPT32.dll
0x00007ffb1a510000 - 0x00007ffb1a540000 	C:\Windows\SYSTEM32\ncrypt.dll
0x00007ffb1a4c0000 - 0x00007ffb1a4ff000 	C:\Windows\SYSTEM32\NTASN1.dll
0x00007ffb07190000 - 0x00007ffb07199000 	C:\Users\u0081767\AppData\Local\Programs\STM32CubeMX\jre\bin\extnet.dll
0x00007ffaf88c0000 - 0x00007ffaf88ee000 	C:\Users\u0081767\AppData\Local\Programs\STM32CubeMX\jre\bin\javajpeg.dll
0x00007ffaf0b70000 - 0x00007ffaf0bb0000 	C:\Users\u0081767\AppData\Local\Programs\STM32CubeMX\jre\bin\lcms.dll
0x00007ffb1c8e0000 - 0x00007ffb1c988000 	C:\Windows\System32\clbcatq.dll
0x00007ffb121c0000 - 0x00007ffb123f9000 	C:\Windows\SYSTEM32\WindowsCodecs.dll
0x00007ffaf02b0000 - 0x00007ffaf030a000 	C:\Windows\system32\dataexchange.dll
0x00007ffb14290000 - 0x00007ffb144ca000 	C:\Windows\system32\twinapi.appcore.dll
0x00007ffaff8a0000 - 0x00007ffaff9f0000 	C:\Windows\SYSTEM32\textinputframework.dll
0x00007ffabc550000 - 0x00007ffabc664000 	C:\Users\u0081767\.stm32cubemx\.jxbrowser-7.41.5\Chromium\toolkit64.dll
0x00007ffaba7d0000 - 0x00007ffaba8dd000 	C:\Users\u0081767\.stm32cubemx\.jxbrowser-7.41.5\Chromium\ipc64.dll
0x00007ffb19bb0000 - 0x00007ffb19be6000 	C:\Windows\SYSTEM32\ntmarta.dll
0x00007ffb138f0000 - 0x00007ffb13a15000 	C:\Windows\SYSTEM32\CoreMessaging.dll
0x00007ffb10c10000 - 0x00007ffb10ef3000 	C:\Windows\SYSTEM32\CoreUIComponents.dll
0x0000000067740000 - 0x0000000067818000 	C:\Users\u0081767\AppData\Local\Temp\sqlite-3.34.0-2920dbc8-a57f-4cd3-a448-e290a41b8c8c-sqlitejdbc.dll

dbghelp: loaded successfully - version: 4.0.5 - missing functions: none
symbol engine: initialized successfully - sym options: 0x614 - pdb path: .;C:\Users\u0081767\AppData\Local\Programs\STM32CubeMX\jre\bin;C:\Windows\SYSTEM32;C:\Windows\WinSxS\amd64_microsoft.windows.common-controls_6595b64144ccf1df_6.0.26100.4202_none_3e0698d4e335f517;C:\Users\u0081767\AppData\Local\Programs\STM32CubeMX\jre\bin\server;C:\Program Files\Bonjour;C:\Windows\System32\DriverStore\FileRepository\u0408580.inf_amd64_8c845c7af98953b1\B408487;C:\Users\u0081767\.stm32cubemx\.jxbrowser-7.41.5\Chromium;C:\Users\u0081767\AppData\Local\Temp

VM Arguments:
java_command: C:\Users\u0081767\AppData\Local\Programs\STM32CubeMX/STM32CubeMX.exe D:/cursussen/IoT-Systems/voorbereiding/STM32F746G-DISCO/STM32F746G-DISCO-GUI_VNC-uvision/STM32CubeMX/Target_1/STM32CubeMX/STM32CubeMX.ioc
java_class_path (initial): C:\Users\u0081767\AppData\Local\Programs\STM32CubeMX/STM32CubeMX.exe
Launcher Type: SUN_STANDARD

[Global flags]
     intx CICompilerCount                          = 12                                        {product} {ergonomic}
     uint ConcGCThreads                            = 3                                         {product} {ergonomic}
     uint G1ConcRefinementThreads                  = 13                                        {product} {ergonomic}
   size_t G1HeapRegionSize                         = 4194304                                   {product} {ergonomic}
    uintx GCDrainStackTargetSize                   = 64                                        {product} {ergonomic}
   size_t InitialHeapSize                          = 528482304                                 {product} {ergonomic}
   size_t MarkStackSize                            = 4194304                                   {product} {ergonomic}
   size_t MaxHeapSize                              = 8413773824                                {product} {ergonomic}
   size_t MaxNewSize                               = 5045747712                                {product} {ergonomic}
   size_t MinHeapDeltaBytes                        = 4194304                                   {product} {ergonomic}
   size_t MinHeapSize                              = 8388608                                   {product} {ergonomic}
    uintx NonNMethodCodeHeapSize                   = 7602480                                {pd product} {ergonomic}
    uintx NonProfiledCodeHeapSize                  = 122027880                              {pd product} {ergonomic}
    uintx ProfiledCodeHeapSize                     = 122027880                              {pd product} {ergonomic}
    uintx ReservedCodeCacheSize                    = 251658240                              {pd product} {ergonomic}
     bool SegmentedCodeCache                       = true                                      {product} {ergonomic}
   size_t SoftMaxHeapSize                          = 8413773824                             {manageable} {ergonomic}
     bool UseCompressedOops                        = true                           {product lp64_product} {ergonomic}
     bool UseG1GC                                  = true                                      {product} {ergonomic}
     bool UseLargePagesIndividualAllocation        = false                                  {pd product} {ergonomic}

Logging:
Log output configuration:
 #0: stdout all=warning uptime,level,tags foldmultilines=false
 #1: stderr all=off uptime,level,tags foldmultilines=false

Environment Variables:
JAVA_HOME=C:\Users\u0081767\AppData\Local\Programs\Android Studio 2\jbr
PATH=C:\Users\u0081767\AppData\Local\Keil_v5\ARM\ARMCLANG\Bin;C:\Program Files (x86)\STMicroelectronics\stlink_server;C:\ST\STM32CubeCLT_1.18.0;C:\ST\STM32CubeCLT_1.18.0\CMake\bin;C:\ST\STM32CubeCLT_1.18.0\Ninja\bin;C:\ST\STM32CubeCLT_1.18.0\GNU-tools-for-STM32\bin;C:\ST\STM32CubeCLT_1.18.0\STLink-gdb-server\bin;C:\ST\STM32CubeCLT_1.18.0\STM32CubeProgrammer\bin;C:\Program Files (x86)\VMware\VMware Workstation\bin\;C:\Windows\system32;C:\Windows;C:\Windows\System32\Wbem;C:\Windows\System32\WindowsPowerShell\v1.0\;C:\Windows\System32\OpenSSH\;C:\Program Files\PowerShell\7\;C:\Program Files\Git\cmd;C:\Program Files\Docker\Docker\resources\bin;C:\Program Files (x86)\Pulse Secure\VC142.CRT\X64\;C:\Program Files (x86)\Pulse Secure\VC142.CRT\X86\;C:\Program Files (x86)\Common Files\Pulse Secure\TNC Client Plugin\;C:\Program Files\dotnet\;C:\Program Files\nodejs\;C:\Users\u0081767\AppData\Local\Microsoft\WindowsApps;C:\Users\u0081767\AppData\Roaming\npm;C:\Users\u0081767\.dotnet\tools;C:\Users\u0081767\AppData\Local\Programs\Microsoft VS Code\bin;C:\Users\u0081767\AppData\Local\JetBrains\Toolbox\scripts;C:\Users\u0081767\AppData\Local\Programs\cursor\resources\app\bin;C:\Users\u0081767\.vcpkg\artifacts\2139c4c6\compilers.arm.arm.none.eabi.gcc\13.3.1\bin;
USERNAME=u0081767
OS=Windows_NT
PROCESSOR_IDENTIFIER=AMD64 Family 23 Model 96 Stepping 1, AuthenticAMD
TMP=C:\Users\u0081767\AppData\Local\Temp
TEMP=C:\Users\u0081767\AppData\Local\Temp




Periodic native trim disabled

---------------  S Y S T E M  ---------------

OS:
 Windows 11 , 64 bit Build 26100 (10.0.26100.4202)
OS uptime: 2 days 0:37 hours
Hyper-V role detected

CPU: total 16 (initial active 16) (16 cores per cpu, 2 threads per core) family 23 model 96 stepping 1 microcode 0x860010d, cx8, cmov, fxsr, ht, mmx, 3dnowpref, sse, sse2, sse3, ssse3, sse4a, sse4.1, sse4.2, popcnt, lzcnt, tsc, tscinvbit, avx, avx2, aes, clmul, bmi1, bmi2, adx, sha, fma, vzeroupper, clflush, clflushopt, hv, rdtscp, rdpid, f16c
Processor Information for all 16 processors :
  Max Mhz: 1700, Current Mhz: 1700, Mhz Limit: 1700

Memory: 4k page, system-wide physical 32081M (4255M free)
TotalPageFile size 130275M (AvailPageFile size 0M)
current process WorkingSet (physical memory assigned to process): 680M, peak: 791M
current process commit charge ("private bytes"): 932M, peak: 960M

vm_info: OpenJDK 64-Bit Server VM (21.0.3+9-LTS) for windows-amd64 JRE (21.0.3+9-LTS), built on 2024-04-16T00:00:00Z by "admin" with MS VC++ 17.7 (VS2022)

END.
